{"/Users/mac/Sites/lendsqr-be-test/knexfile.js": {"path":"/Users/mac/Sites/lendsqr-be-test/knexfile.js","statementMap":{"0":{"start":{"line":2,"column":0},"end":{"line":2,"column":26}},"1":{"start":{"line":5,"column":0},"end":{"line":22,"column":1}}},"fnMap":{},"branchMap":{"0":{"loc":{"start":{"line":10,"column":12},"end":{"line":10,"column":47}},"type":"binary-expr","locations":[{"start":{"line":10,"column":12},"end":{"line":10,"column":39}},{"start":{"line":10,"column":43},"end":{"line":10,"column":47}}],"line":10}},"s":{"0":2,"1":2},"f":{},"b":{"0":[2,0]},"inputSourceMap":null,"_coverageSchema":"1a1c01bbd47fc00a2c39e90264f33305004495a9","hash":"c728af80ec725f2820e8d38d9c84ac2c30b527ab"}
,"/Users/mac/Sites/lendsqr-be-test/src/db/knex.ts": {"path":"/Users/mac/Sites/lendsqr-be-test/src/db/knex.ts","statementMap":{"0":{"start":{"line":1,"column":0},"end":{"line":1,"column":23}},"1":{"start":{"line":5,"column":47},"end":{"line":5,"column":75}},"2":{"start":{"line":7,"column":15},"end":{"line":7,"column":52}},"3":{"start":{"line":9,"column":18},"end":{"line":9,"column":57}},"4":{"start":{"line":11,"column":11},"end":{"line":11,"column":26}},"5":{"start":{"line":13,"column":0},"end":{"line":13,"column":null}}},"fnMap":{},"branchMap":{"0":{"loc":{"start":{"line":7,"column":15},"end":{"line":7,"column":52}},"type":"binary-expr","locations":[{"start":{"line":7,"column":15},"end":{"line":7,"column":35}},{"start":{"line":7,"column":39},"end":{"line":7,"column":52}}]},"1":{"loc":{"start":{"line":9,"column":18},"end":{"line":9,"column":57}},"type":"binary-expr","locations":[{"start":{"line":9,"column":18},"end":{"line":9,"column":32}},{"start":{"line":9,"column":36},"end":{"line":9,"column":57}}]}},"s":{"0":2,"1":2,"2":2,"3":2,"4":2,"5":2},"f":{},"b":{"0":[2,0],"1":[2,2]}}
,"/Users/mac/Sites/lendsqr-be-test/src/modules/auth/auth.service.ts": {"path":"/Users/mac/Sites/lendsqr-be-test/src/modules/auth/auth.service.ts","statementMap":{"0":{"start":{"line":5,"column":0},"end":{"line":5,"column":7}},"1":{"start":{"line":1,"column":0},"end":{"line":1,"column":28}},"2":{"start":{"line":2,"column":0},"end":{"line":2,"column":28}},"3":{"start":{"line":3,"column":0},"end":{"line":3,"column":31}},"4":{"start":{"line":6,"column":15},"end":{"line":6,"column":62}},"5":{"start":{"line":7,"column":2},"end":{"line":7,"column":25}},"6":{"start":{"line":7,"column":13},"end":{"line":7,"column":25}},"7":{"start":{"line":9,"column":16},"end":{"line":9,"column":66}},"8":{"start":{"line":10,"column":2},"end":{"line":10,"column":26}},"9":{"start":{"line":10,"column":14},"end":{"line":10,"column":26}},"10":{"start":{"line":13,"column":14},"end":{"line":13,"column":39}},"11":{"start":{"line":14,"column":16},"end":{"line":17,"column":18}},"12":{"start":{"line":20,"column":2},"end":{"line":22,"column":23}},"13":{"start":{"line":25,"column":52},"end":{"line":25,"column":56}},"14":{"start":{"line":27,"column":2},"end":{"line":27,"column":29}}},"fnMap":{"0":{"name":"loginUser","decl":{"start":{"line":5,"column":22},"end":{"line":5,"column":31}},"loc":{"start":{"line":5,"column":63},"end":{"line":28,"column":1}}}},"branchMap":{"0":{"loc":{"start":{"line":7,"column":2},"end":{"line":7,"column":25}},"type":"if","locations":[{"start":{"line":7,"column":2},"end":{"line":7,"column":25}}]},"1":{"loc":{"start":{"line":10,"column":2},"end":{"line":10,"column":26}},"type":"if","locations":[{"start":{"line":10,"column":2},"end":{"line":10,"column":26}}]}},"s":{"0":1,"1":1,"2":1,"3":1,"4":1,"5":1,"6":1,"7":0,"8":0,"9":0,"10":0,"11":0,"12":0,"13":0,"14":0},"f":{"0":1},"b":{"0":[1],"1":[0]}}
,"/Users/mac/Sites/lendsqr-be-test/src/modules/blacklist/blacklist.service.ts": {"path":"/Users/mac/Sites/lendsqr-be-test/src/modules/blacklist/blacklist.service.ts","statementMap":{"0":{"start":{"line":43,"column":0},"end":{"line":43,"column":7}},"1":{"start":{"line":1,"column":0},"end":{"line":1,"column":25}},"2":{"start":{"line":2,"column":0},"end":{"line":2,"column":35}},"3":{"start":{"line":3,"column":0},"end":{"line":3,"column":30}},"4":{"start":{"line":7,"column":20},"end":{"line":7,"column":49}},"5":{"start":{"line":8,"column":22},"end":{"line":8,"column":50}},"6":{"start":{"line":12,"column":14},"end":{"line":12,"column":78}},"7":{"start":{"line":13,"column":2},"end":{"line":39,"column":3}},"8":{"start":{"line":14,"column":17},"end":{"line":16,"column":6}},"9":{"start":{"line":18,"column":17},"end":{"line":18,"column":26}},"10":{"start":{"line":19,"column":24},"end":{"line":19,"column":49}},"11":{"start":{"line":21,"column":4},"end":{"line":27,"column":null}},"12":{"start":{"line":29,"column":4},"end":{"line":29,"column":null}},"13":{"start":{"line":31,"column":4},"end":{"line":37,"column":null}},"14":{"start":{"line":38,"column":4},"end":{"line":38,"column":null}},"15":{"start":{"line":47,"column":22},"end":{"line":47,"column":45}},"16":{"start":{"line":48,"column":2},"end":{"line":48,"column":null}},"17":{"start":{"line":48,"column":31},"end":{"line":48,"column":null}},"18":{"start":{"line":50,"column":22},"end":{"line":50,"column":45}},"19":{"start":{"line":51,"column":2},"end":{"line":51,"column":null}}},"fnMap":{"0":{"name":"checkValue","decl":{"start":{"line":10,"column":15},"end":{"line":10,"column":25}},"loc":{"start":{"line":10,"column":39},"end":{"line":40,"column":1}}},"1":{"name":"checkBlacklist","decl":{"start":{"line":43,"column":22},"end":{"line":43,"column":36}},"loc":{"start":{"line":45,"column":15},"end":{"line":52,"column":1}}}},"branchMap":{"0":{"loc":{"start":{"line":24,"column":26},"end":{"line":24,"column":55}},"type":"binary-expr","locations":[{"start":{"line":24,"column":26},"end":{"line":24,"column":47}},{"start":{"line":24,"column":51},"end":{"line":24,"column":55}}]},"1":{"loc":{"start":{"line":25,"column":14},"end":{"line":25,"column":51}},"type":"cond-expr","locations":[{"start":{"line":25,"column":28},"end":{"line":25,"column":41}},{"start":{"line":25,"column":44},"end":{"line":25,"column":51}}]},"2":{"loc":{"start":{"line":29,"column":11},"end":{"line":29,"column":48}},"type":"cond-expr","locations":[{"start":{"line":29,"column":25},"end":{"line":29,"column":38}},{"start":{"line":29,"column":41},"end":{"line":29,"column":48}}]},"3":{"loc":{"start":{"line":36,"column":35},"end":{"line":36,"column":68}},"type":"binary-expr","locations":[{"start":{"line":36,"column":35},"end":{"line":36,"column":53}},{"start":{"line":36,"column":57},"end":{"line":36,"column":68}}]},"4":{"loc":{"start":{"line":48,"column":2},"end":{"line":48,"column":null}},"type":"if","locations":[{"start":{"line":48,"column":2},"end":{"line":48,"column":null}}]}},"s":{"0":1,"1":1,"2":1,"3":1,"4":1,"5":1,"6":0,"7":0,"8":0,"9":0,"10":0,"11":0,"12":0,"13":0,"14":0,"15":0,"16":0,"17":0,"18":0,"19":0},"f":{"0":0,"1":0},"b":{"0":[0,0],"1":[0,0],"2":[0,0],"3":[0,0],"4":[0]}}
,"/Users/mac/Sites/lendsqr-be-test/src/modules/users/users.service.ts": {"path":"/Users/mac/Sites/lendsqr-be-test/src/modules/users/users.service.ts","statementMap":{"0":{"start":{"line":16,"column":0},"end":{"line":16,"column":7}},"1":{"start":{"line":1,"column":0},"end":{"line":1,"column":35}},"2":{"start":{"line":2,"column":0},"end":{"line":2,"column":28}},"3":{"start":{"line":3,"column":0},"end":{"line":3,"column":28}},"4":{"start":{"line":5,"column":0},"end":{"line":5,"column":30}},"5":{"start":{"line":6,"column":0},"end":{"line":6,"column":63}},"6":{"start":{"line":17,"column":60},"end":{"line":17,"column":63}},"7":{"start":{"line":19,"column":23},"end":{"line":22,"column":12}},"8":{"start":{"line":23,"column":2},"end":{"line":27,"column":3}},"9":{"start":{"line":24,"column":14},"end":{"line":24,"column":71}},"10":{"start":{"line":25,"column":6},"end":{"line":25,"column":null}},"11":{"start":{"line":26,"column":4},"end":{"line":26,"column":null}},"12":{"start":{"line":28,"column":17},"end":{"line":28,"column":51}},"13":{"start":{"line":30,"column":2},"end":{"line":34,"column":3}},"14":{"start":{"line":31,"column":14},"end":{"line":31,"column":46}},"15":{"start":{"line":32,"column":6},"end":{"line":32,"column":null}},"16":{"start":{"line":33,"column":4},"end":{"line":33,"column":null}},"17":{"start":{"line":35,"column":2},"end":{"line":39,"column":3}},"18":{"start":{"line":36,"column":14},"end":{"line":36,"column":49}},"19":{"start":{"line":37,"column":6},"end":{"line":37,"column":null}},"20":{"start":{"line":38,"column":4},"end":{"line":38,"column":null}},"21":{"start":{"line":41,"column":24},"end":{"line":41,"column":55}},"22":{"start":{"line":42,"column":14},"end":{"line":42,"column":37}},"23":{"start":{"line":43,"column":18},"end":{"line":46,"column":20}},"24":{"start":{"line":48,"column":2},"end":{"line":74,"column":null}},"25":{"start":{"line":49,"column":19},"end":{"line":49,"column":27}},"26":{"start":{"line":50,"column":4},"end":{"line":59,"column":null}},"27":{"start":{"line":61,"column":21},"end":{"line":61,"column":29}},"28":{"start":{"line":62,"column":4},"end":{"line":67,"column":null}},"29":{"start":{"line":69,"column":17},"end":{"line":71,"column":32}},"30":{"start":{"line":72,"column":19},"end":{"line":72,"column":69}},"31":{"start":{"line":73,"column":4},"end":{"line":73,"column":null}}},"fnMap":{"0":{"name":"createUser","decl":{"start":{"line":16,"column":22},"end":{"line":16,"column":32}},"loc":{"start":{"line":16,"column":51},"end":{"line":75,"column":1}}},"1":{"name":"(anonymous_2)","decl":{"start":{"line":48,"column":30},"end":{"line":48,"column":35}},"loc":{"start":{"line":48,"column":42},"end":{"line":74,"column":3}}}},"branchMap":{"0":{"loc":{"start":{"line":23,"column":2},"end":{"line":27,"column":3}},"type":"if","locations":[{"start":{"line":23,"column":2},"end":{"line":27,"column":3}}]},"1":{"loc":{"start":{"line":30,"column":2},"end":{"line":34,"column":3}},"type":"if","locations":[{"start":{"line":30,"column":2},"end":{"line":34,"column":3}}]},"2":{"loc":{"start":{"line":35,"column":2},"end":{"line":39,"column":3}},"type":"if","locations":[{"start":{"line":35,"column":2},"end":{"line":39,"column":3}}]}},"s":{"0":1,"1":1,"2":1,"3":1,"4":1,"5":1,"6":3,"7":3,"8":3,"9":1,"10":1,"11":1,"12":2,"13":2,"14":0,"15":0,"16":0,"17":2,"18":1,"19":1,"20":1,"21":1,"22":1,"23":1,"24":0,"25":0,"26":0,"27":0,"28":0,"29":0,"30":0,"31":0},"f":{"0":3,"1":0},"b":{"0":[1],"1":[0],"2":[1]}}
}
