{"/Users/mac/Sites/lendsqr-be-test/knexfile.js": {"path":"/Users/mac/Sites/lendsqr-be-test/knexfile.js","statementMap":{"0":{"start":{"line":2,"column":0},"end":{"line":2,"column":26}},"1":{"start":{"line":5,"column":0},"end":{"line":22,"column":1}}},"fnMap":{},"branchMap":{"0":{"loc":{"start":{"line":10,"column":12},"end":{"line":10,"column":47}},"type":"binary-expr","locations":[{"start":{"line":10,"column":12},"end":{"line":10,"column":39}},{"start":{"line":10,"column":43},"end":{"line":10,"column":47}}],"line":10}},"s":{"0":2,"1":2},"f":{},"b":{"0":[2,0]},"inputSourceMap":null,"_coverageSchema":"1a1c01bbd47fc00a2c39e90264f33305004495a9","hash":"c728af80ec725f2820e8d38d9c84ac2c30b527ab"}
,"/Users/mac/Sites/lendsqr-be-test/src/db/knex.ts": {"path":"/Users/mac/Sites/lendsqr-be-test/src/db/knex.ts","statementMap":{"0":{"start":{"line":1,"column":0},"end":{"line":1,"column":23}},"1":{"start":{"line":5,"column":47},"end":{"line":5,"column":75}},"2":{"start":{"line":7,"column":15},"end":{"line":7,"column":52}},"3":{"start":{"line":9,"column":18},"end":{"line":9,"column":57}},"4":{"start":{"line":11,"column":11},"end":{"line":11,"column":26}},"5":{"start":{"line":13,"column":0},"end":{"line":13,"column":null}}},"fnMap":{},"branchMap":{"0":{"loc":{"start":{"line":7,"column":15},"end":{"line":7,"column":52}},"type":"binary-expr","locations":[{"start":{"line":7,"column":15},"end":{"line":7,"column":35}},{"start":{"line":7,"column":39},"end":{"line":7,"column":52}}]},"1":{"loc":{"start":{"line":9,"column":18},"end":{"line":9,"column":57}},"type":"binary-expr","locations":[{"start":{"line":9,"column":18},"end":{"line":9,"column":32}},{"start":{"line":9,"column":36},"end":{"line":9,"column":57}}]}},"s":{"0":2,"1":2,"2":2,"3":2,"4":2,"5":2},"f":{},"b":{"0":[2,0],"1":[2,2]}}
,"/Users/mac/Sites/lendsqr-be-test/src/modules/auth/auth.service.ts": {"path":"/Users/mac/Sites/lendsqr-be-test/src/modules/auth/auth.service.ts","statementMap":{"0":{"start":{"line":5,"column":0},"end":{"line":5,"column":7}},"1":{"start":{"line":1,"column":0},"end":{"line":1,"column":28}},"2":{"start":{"line":2,"column":0},"end":{"line":2,"column":28}},"3":{"start":{"line":3,"column":0},"end":{"line":3,"column":31}},"4":{"start":{"line":6,"column":15},"end":{"line":6,"column":62}},"5":{"start":{"line":7,"column":2},"end":{"line":7,"column":25}},"6":{"start":{"line":7,"column":13},"end":{"line":7,"column":25}},"7":{"start":{"line":9,"column":16},"end":{"line":9,"column":66}},"8":{"start":{"line":10,"column":2},"end":{"line":10,"column":26}},"9":{"start":{"line":10,"column":14},"end":{"line":10,"column":26}},"10":{"start":{"line":13,"column":14},"end":{"line":13,"column":39}},"11":{"start":{"line":14,"column":16},"end":{"line":17,"column":18}},"12":{"start":{"line":20,"column":2},"end":{"line":22,"column":23}},"13":{"start":{"line":25,"column":52},"end":{"line":25,"column":56}},"14":{"start":{"line":27,"column":2},"end":{"line":27,"column":29}}},"fnMap":{"0":{"name":"loginUser","decl":{"start":{"line":5,"column":22},"end":{"line":5,"column":31}},"loc":{"start":{"line":5,"column":63},"end":{"line":28,"column":1}}}},"branchMap":{"0":{"loc":{"start":{"line":7,"column":2},"end":{"line":7,"column":25}},"type":"if","locations":[{"start":{"line":7,"column":2},"end":{"line":7,"column":25}}]},"1":{"loc":{"start":{"line":10,"column":2},"end":{"line":10,"column":26}},"type":"if","locations":[{"start":{"line":10,"column":2},"end":{"line":10,"column":26}}]}},"s":{"0":1,"1":1,"2":1,"3":1,"4":3,"5":3,"6":1,"7":2,"8":2,"9":1,"10":1,"11":1,"12":1,"13":1,"14":1},"f":{"0":3},"b":{"0":[1],"1":[1]}}
,"/Users/mac/Sites/lendsqr-be-test/src/modules/wallets/wallets.service.ts": {"path":"/Users/mac/Sites/lendsqr-be-test/src/modules/wallets/wallets.service.ts","statementMap":{"0":{"start":{"line":32,"column":0},"end":{"line":32,"column":7}},"1":{"start":{"line":44,"column":0},"end":{"line":44,"column":7}},"2":{"start":{"line":82,"column":0},"end":{"line":82,"column":7}},"3":{"start":{"line":127,"column":0},"end":{"line":127,"column":7}},"4":{"start":{"line":2,"column":0},"end":{"line":2,"column":35}},"5":{"start":{"line":3,"column":0},"end":{"line":3,"column":30}},"6":{"start":{"line":4,"column":0},"end":{"line":4,"column":36}},"7":{"start":{"line":33,"column":17},"end":{"line":35,"column":12}},"8":{"start":{"line":36,"column":2},"end":{"line":40,"column":3}},"9":{"start":{"line":37,"column":16},"end":{"line":37,"column":45}},"10":{"start":{"line":38,"column":6},"end":{"line":38,"column":null}},"11":{"start":{"line":39,"column":4},"end":{"line":39,"column":null}},"12":{"start":{"line":41,"column":2},"end":{"line":41,"column":null}},"13":{"start":{"line":48,"column":2},"end":{"line":77,"column":null}},"14":{"start":{"line":49,"column":19},"end":{"line":52,"column":14}},"15":{"start":{"line":53,"column":4},"end":{"line":57,"column":5}},"16":{"start":{"line":54,"column":18},"end":{"line":54,"column":47}},"17":{"start":{"line":55,"column":8},"end":{"line":55,"column":null}},"18":{"start":{"line":56,"column":6},"end":{"line":56,"column":null}},"19":{"start":{"line":59,"column":19},"end":{"line":59,"column":41}},"20":{"start":{"line":60,"column":18},"end":{"line":60,"column":33}},"21":{"start":{"line":62,"column":4},"end":{"line":62,"column":null}},"22":{"start":{"line":64,"column":34},"end":{"line":73,"column":null}},"23":{"start":{"line":74,"column":4},"end":{"line":74,"column":null}},"24":{"start":{"line":76,"column":4},"end":{"line":76,"column":null}},"25":{"start":{"line":86,"column":2},"end":{"line":120,"column":null}},"26":{"start":{"line":87,"column":19},"end":{"line":90,"column":14}},"27":{"start":{"line":91,"column":4},"end":{"line":95,"column":5}},"28":{"start":{"line":92,"column":18},"end":{"line":92,"column":47}},"29":{"start":{"line":93,"column":8},"end":{"line":93,"column":null}},"30":{"start":{"line":94,"column":6},"end":{"line":94,"column":null}},"31":{"start":{"line":97,"column":19},"end":{"line":97,"column":41}},"32":{"start":{"line":98,"column":4},"end":{"line":102,"column":5}},"33":{"start":{"line":99,"column":18},"end":{"line":99,"column":49}},"34":{"start":{"line":100,"column":8},"end":{"line":100,"column":null}},"35":{"start":{"line":101,"column":6},"end":{"line":101,"column":null}},"36":{"start":{"line":103,"column":18},"end":{"line":103,"column":33}},"37":{"start":{"line":105,"column":4},"end":{"line":105,"column":null}},"38":{"start":{"line":107,"column":34},"end":{"line":116,"column":null}},"39":{"start":{"line":117,"column":4},"end":{"line":117,"column":null}},"40":{"start":{"line":119,"column":4},"end":{"line":119,"column":null}},"41":{"start":{"line":133,"column":2},"end":{"line":194,"column":null}},"42":{"start":{"line":135,"column":15},"end":{"line":138,"column":14}},"43":{"start":{"line":139,"column":15},"end":{"line":142,"column":14}},"44":{"start":{"line":144,"column":4},"end":{"line":148,"column":5}},"45":{"start":{"line":145,"column":18},"end":{"line":145,"column":48}},"46":{"start":{"line":146,"column":8},"end":{"line":146,"column":null}},"47":{"start":{"line":147,"column":6},"end":{"line":147,"column":null}},"48":{"start":{"line":149,"column":4},"end":{"line":153,"column":5}},"49":{"start":{"line":150,"column":18},"end":{"line":150,"column":49}},"50":{"start":{"line":151,"column":8},"end":{"line":151,"column":null}},"51":{"start":{"line":152,"column":6},"end":{"line":152,"column":null}},"52":{"start":{"line":155,"column":23},"end":{"line":155,"column":41}},"53":{"start":{"line":156,"column":22},"end":{"line":156,"column":41}},"54":{"start":{"line":157,"column":21},"end":{"line":157,"column":39}},"55":{"start":{"line":158,"column":20},"end":{"line":158,"column":37}},"56":{"start":{"line":160,"column":4},"end":{"line":160,"column":null}},"57":{"start":{"line":161,"column":4},"end":{"line":161,"column":null}},"58":{"start":{"line":165,"column":4},"end":{"line":175,"column":null}},"59":{"start":{"line":178,"column":4},"end":{"line":188,"column":null}},"60":{"start":{"line":190,"column":4},"end":{"line":192,"column":null}}},"fnMap":{"0":{"name":"getWallet","decl":{"start":{"line":32,"column":22},"end":{"line":32,"column":31}},"loc":{"start":{"line":32,"column":46},"end":{"line":42,"column":1}}},"1":{"name":"fundWallet","decl":{"start":{"line":44,"column":22},"end":{"line":44,"column":32}},"loc":{"start":{"line":46,"column":16},"end":{"line":78,"column":1}}},"2":{"name":"(anonymous_3)","decl":{"start":{"line":48,"column":30},"end":{"line":48,"column":35}},"loc":{"start":{"line":48,"column":42},"end":{"line":77,"column":3}}},"3":{"name":"withdraw","decl":{"start":{"line":82,"column":22},"end":{"line":82,"column":30}},"loc":{"start":{"line":84,"column":16},"end":{"line":121,"column":1}}},"4":{"name":"(anonymous_5)","decl":{"start":{"line":86,"column":30},"end":{"line":86,"column":35}},"loc":{"start":{"line":86,"column":42},"end":{"line":120,"column":3}}},"5":{"name":"transfer","decl":{"start":{"line":127,"column":22},"end":{"line":127,"column":30}},"loc":{"start":{"line":131,"column":14},"end":{"line":195,"column":1}}},"6":{"name":"(anonymous_7)","decl":{"start":{"line":133,"column":30},"end":{"line":133,"column":35}},"loc":{"start":{"line":133,"column":42},"end":{"line":194,"column":3}}}},"branchMap":{"0":{"loc":{"start":{"line":36,"column":2},"end":{"line":40,"column":3}},"type":"if","locations":[{"start":{"line":36,"column":2},"end":{"line":40,"column":3}}]},"1":{"loc":{"start":{"line":53,"column":4},"end":{"line":57,"column":5}},"type":"if","locations":[{"start":{"line":53,"column":4},"end":{"line":57,"column":5}}]},"2":{"loc":{"start":{"line":91,"column":4},"end":{"line":95,"column":5}},"type":"if","locations":[{"start":{"line":91,"column":4},"end":{"line":95,"column":5}}]},"3":{"loc":{"start":{"line":98,"column":4},"end":{"line":102,"column":5}},"type":"if","locations":[{"start":{"line":98,"column":4},"end":{"line":102,"column":5}}]},"4":{"loc":{"start":{"line":144,"column":4},"end":{"line":148,"column":5}},"type":"if","locations":[{"start":{"line":144,"column":4},"end":{"line":148,"column":5}}]},"5":{"loc":{"start":{"line":144,"column":8},"end":{"line":144,"column":18}},"type":"binary-expr","locations":[{"start":{"line":144,"column":8},"end":{"line":144,"column":11}},{"start":{"line":144,"column":15},"end":{"line":144,"column":18}}]},"6":{"loc":{"start":{"line":149,"column":4},"end":{"line":153,"column":5}},"type":"if","locations":[{"start":{"line":149,"column":4},"end":{"line":153,"column":5}}]}},"s":{"0":1,"1":1,"2":1,"3":1,"4":1,"5":1,"6":1,"7":0,"8":0,"9":0,"10":0,"11":0,"12":0,"13":2,"14":2,"15":2,"16":1,"17":1,"18":1,"19":1,"20":1,"21":1,"22":1,"23":1,"24":1,"25":2,"26":2,"27":2,"28":0,"29":0,"30":0,"31":2,"32":2,"33":1,"34":1,"35":1,"36":1,"37":1,"38":1,"39":1,"40":1,"41":3,"42":3,"43":3,"44":3,"45":1,"46":1,"47":1,"48":2,"49":1,"50":1,"51":1,"52":1,"53":1,"54":1,"55":1,"56":1,"57":1,"58":1,"59":1,"60":1},"f":{"0":0,"1":2,"2":2,"3":2,"4":2,"5":3,"6":3},"b":{"0":[0],"1":[1],"2":[0],"3":[1],"4":[1],"5":[3,2],"6":[1]}}
}
