TN:
SF:knexfile.js
FNF:0
FNH:0
DA:2,2
DA:5,2
LF:2
LH:2
BRDA:10,0,0,2
BRDA:10,0,1,0
BRF:2
BRH:1
end_of_record
TN:
SF:src/db/knex.ts
FNF:0
FNH:0
DA:1,2
DA:5,2
DA:7,2
DA:9,2
DA:11,2
DA:13,2
LF:6
LH:6
BRDA:7,0,0,2
BRDA:7,0,1,0
BRDA:9,1,0,2
BRDA:9,1,1,2
BRF:4
BRH:3
end_of_record
TN:
SF:src/modules/auth/auth.service.ts
FN:5,loginUser
FNF:1
FNH:1
FNDA:1,loginUser
DA:1,1
DA:2,1
DA:3,1
DA:5,1
DA:6,1
DA:7,1
DA:9,0
DA:10,0
DA:13,0
DA:14,0
DA:20,0
DA:25,0
DA:27,0
LF:13
LH:6
BRDA:7,0,0,1
BRDA:10,1,0,0
BRF:2
BRH:1
end_of_record
TN:
SF:src/modules/blacklist/blacklist.service.ts
FN:10,checkValue
FN:43,checkBlacklist
FNF:2
FNH:0
FNDA:0,checkValue
FNDA:0,checkBlacklist
DA:1,1
DA:2,1
DA:3,1
DA:7,1
DA:8,1
DA:12,0
DA:13,0
DA:14,0
DA:18,0
DA:19,0
DA:21,0
DA:29,0
DA:31,0
DA:38,0
DA:43,1
DA:47,0
DA:48,0
DA:50,0
DA:51,0
LF:19
LH:6
BRDA:24,0,0,0
BRDA:24,0,1,0
BRDA:25,1,0,0
BRDA:25,1,1,0
BRDA:29,2,0,0
BRDA:29,2,1,0
BRDA:36,3,0,0
BRDA:36,3,1,0
BRDA:48,4,0,0
BRF:9
BRH:0
end_of_record
TN:
SF:src/modules/users/users.service.ts
FN:16,createUser
FN:48,(anonymous_2)
FNF:2
FNH:1
FNDA:3,createUser
FNDA:0,(anonymous_2)
DA:1,1
DA:2,1
DA:3,1
DA:5,1
DA:6,1
DA:16,1
DA:17,3
DA:19,3
DA:23,3
DA:24,1
DA:25,1
DA:26,1
DA:28,2
DA:30,2
DA:31,0
DA:32,0
DA:33,0
DA:35,2
DA:36,1
DA:37,1
DA:38,1
DA:41,1
DA:42,1
DA:43,1
DA:48,0
DA:49,0
DA:50,0
DA:61,0
DA:62,0
DA:69,0
DA:72,0
DA:73,0
LF:32
LH:21
BRDA:23,0,0,1
BRDA:30,1,0,0
BRDA:35,2,0,1
BRF:3
BRH:2
end_of_record
