TN:
SF:knexfile.js
FNF:0
FNH:0
DA:2,2
DA:5,2
LF:2
LH:2
BRDA:10,0,0,2
BRDA:10,0,1,0
BRF:2
BRH:1
end_of_record
TN:
SF:src/db/knex.ts
FNF:0
FNH:0
DA:1,2
DA:5,2
DA:7,2
DA:9,2
DA:11,2
DA:13,2
LF:6
LH:6
BRDA:7,0,0,2
BRDA:7,0,1,0
BRDA:9,1,0,2
BRDA:9,1,1,2
BRF:4
BRH:3
end_of_record
TN:
SF:src/modules/auth/auth.service.ts
FN:5,loginUser
FNF:1
FNH:1
FNDA:3,loginUser
DA:1,1
DA:2,1
DA:3,1
DA:5,1
DA:6,3
DA:7,3
DA:9,2
DA:10,2
DA:13,1
DA:14,1
DA:20,1
DA:25,1
DA:27,1
LF:13
LH:13
BRDA:7,0,0,1
BRDA:10,1,0,1
BRF:2
BRH:2
end_of_record
TN:
SF:src/modules/wallets/wallets.service.ts
FN:32,getWallet
FN:44,fundWallet
FN:48,(anonymous_3)
FN:82,withdraw
FN:86,(anonymous_5)
FN:127,transfer
FN:133,(anonymous_7)
FNF:7
FNH:6
FNDA:0,getWallet
FNDA:2,fundWallet
FNDA:2,(anonymous_3)
FNDA:2,withdraw
FNDA:2,(anonymous_5)
FNDA:3,transfer
FNDA:3,(anonymous_7)
DA:2,1
DA:3,1
DA:4,1
DA:32,1
DA:33,0
DA:36,0
DA:37,0
DA:38,0
DA:39,0
DA:41,0
DA:44,1
DA:48,2
DA:49,2
DA:53,2
DA:54,1
DA:55,1
DA:56,1
DA:59,1
DA:60,1
DA:62,1
DA:64,1
DA:74,1
DA:76,1
DA:82,1
DA:86,2
DA:87,2
DA:91,2
DA:92,0
DA:93,0
DA:94,0
DA:97,2
DA:98,2
DA:99,1
DA:100,1
DA:101,1
DA:103,1
DA:105,1
DA:107,1
DA:117,1
DA:119,1
DA:127,1
DA:133,3
DA:135,3
DA:139,3
DA:144,3
DA:145,1
DA:146,1
DA:147,1
DA:149,2
DA:150,1
DA:151,1
DA:152,1
DA:155,1
DA:156,1
DA:157,1
DA:158,1
DA:160,1
DA:161,1
DA:165,1
DA:178,1
DA:190,1
LF:61
LH:52
BRDA:36,0,0,0
BRDA:53,1,0,1
BRDA:91,2,0,0
BRDA:98,3,0,1
BRDA:144,4,0,1
BRDA:144,5,0,3
BRDA:144,5,1,2
BRDA:149,6,0,1
BRF:8
BRH:6
end_of_record
